  snake.c
C:\Users\user\Desktop\univ\2021 1-2\프로그래밍랩\기말 텀프로젝트\snake.c(90,17): warning C4047: '함수': 'int'의 간접 참조 수준이 'char [3]'과(와) 다릅니다.
C:\Users\user\Desktop\univ\2021 1-2\프로그래밍랩\기말 텀프로젝트\snake.c(90,13): warning C4024: 'putchar': 형식 및 실제 매개 변수 1의 형식이 서로 다릅니다.
C:\Users\user\Desktop\univ\2021 1-2\프로그래밍랩\기말 텀프로젝트\snake.c(135,9): warning C4550: 식이 인수 목록이 없는 함수로 계산됩니다.
C:\Users\user\Desktop\univ\2021 1-2\프로그래밍랩\기말 텀프로젝트\snake.c(134,12): warning C4996: 'kbhit': The POSIX name for this item is deprecated. Instead, use the ISO C and C++ conformant name: _kbhit. See online help for details.
C:\Users\user\Desktop\univ\2021 1-2\프로그래밍랩\기말 텀프로젝트\snake.c(135,9): warning C4996: 'getch': The POSIX name for this item is deprecated. Instead, use the ISO C and C++ conformant name: _getch. See online help for details.
C:\Users\user\Desktop\univ\2021 1-2\프로그래밍랩\기말 텀프로젝트\snake.c(190,15): warning C4244: '함수': 'time_t'에서 'unsigned int'(으)로 변환하면서 데이터가 손실될 수 있습니다.
C:\Users\user\Desktop\univ\2021 1-2\프로그래밍랩\기말 텀프로젝트\snake.c(397,26): warning C4013: 'gametitle'이(가) 정의되지 않았습니다. extern은 int형을 반환하는 것으로 간주합니다.
C:\Users\user\Desktop\univ\2021 1-2\프로그래밍랩\기말 텀프로젝트\snake.c(457,22): warning C4244: '=': 'time_t'에서 'int'(으)로 변환하면서 데이터가 손실될 수 있습니다.
C:\Users\user\Desktop\univ\2021 1-2\프로그래밍랩\기말 텀프로젝트\snake.c(461,23): warning C4244: '=': 'time_t'에서 'int'(으)로 변환하면서 데이터가 손실될 수 있습니다.
C:\Users\user\Desktop\univ\2021 1-2\프로그래밍랩\기말 텀프로젝트\snake.c(472,42): warning C4047: '함수': 'char'의 간접 참조 수준이 'int (__cdecl *)(void)'과(와) 다릅니다.
C:\Users\user\Desktop\univ\2021 1-2\프로그래밍랩\기말 텀프로젝트\snake.c(472,33): warning C4024: 'putstar': 형식 및 실제 매개 변수 3의 형식이 서로 다릅니다.
C:\Users\user\Desktop\univ\2021 1-2\프로그래밍랩\기말 텀프로젝트\snake.c(479,13): warning C4033: 'gametitle'은(는) 값을 반환해야 합니다.
C:\Users\user\Desktop\univ\2021 1-2\프로그래밍랩\기말 텀프로젝트\snake.c(496,45): warning C4047: '함수': 'char'의 간접 참조 수준이 'int (__cdecl *)(void)'과(와) 다릅니다.
C:\Users\user\Desktop\univ\2021 1-2\프로그래밍랩\기말 텀프로젝트\snake.c(496,35): warning C4024: 'putstar': 형식 및 실제 매개 변수 3의 형식이 서로 다릅니다.
C:\Users\user\Desktop\univ\2021 1-2\프로그래밍랩\기말 텀프로젝트\snake.c(503,13): warning C4033: 'gametitle'은(는) 값을 반환해야 합니다.
C:\Users\user\Desktop\univ\2021 1-2\프로그래밍랩\기말 텀프로젝트\snake.c(605,50): warning C4047: '함수': 'char'의 간접 참조 수준이 'int (__cdecl *)(void)'과(와) 다릅니다.
C:\Users\user\Desktop\univ\2021 1-2\프로그래밍랩\기말 텀프로젝트\snake.c(605,41): warning C4024: 'putstar': 형식 및 실제 매개 변수 3의 형식이 서로 다릅니다.
C:\Users\user\Desktop\univ\2021 1-2\프로그래밍랩\기말 텀프로젝트\snake.c(674,53): warning C4047: '함수': 'char'의 간접 참조 수준이 'int (__cdecl *)(void)'과(와) 다릅니다.
C:\Users\user\Desktop\univ\2021 1-2\프로그래밍랩\기말 텀프로젝트\snake.c(674,43): warning C4024: 'putstar': 형식 및 실제 매개 변수 3의 형식이 서로 다릅니다.
C:\Users\user\Desktop\univ\2021 1-2\프로그래밍랩\기말 텀프로젝트\snake.c(452,9): warning C4101: 'run_time1' :참조되지 않은 지역 변수입니다.
C:\Users\user\Desktop\univ\2021 1-2\프로그래밍랩\기말 텀프로젝트\snake.c(451,9): warning C4101: 'run_time' :참조되지 않은 지역 변수입니다.
C:\Users\user\Desktop\univ\2021 1-2\프로그래밍랩\기말 텀프로젝트\snake.c(789): warning C4715: 'gametitle': 모든 제어 경로에서 값을 반환하지는 않습니다.
  snake.vcxproj -> C:\Users\user\Desktop\univ\2021 1-2\프로그래밍랩\기말 텀프로젝트\Debug\snake.exe
